[17:59:04] [main/INFO] [GradleStart]: No arguments specified, assuming client.
[17:59:04] [main/INFO] [GradleStart]: Extra: []
[18:00:05] [main/INFO] [GradleStart]: No arguments specified, assuming client.
[18:00:05] [main/INFO] [GradleStart]: Extra: []
[18:00:51] [main/INFO] [GradleStart]: No arguments specified, assuming client.
[18:00:51] [main/INFO] [GradleStart]: Extra: []
[18:02:21] [main/INFO] [GradleStart]: No arguments specified, assuming client.
[18:02:21] [main/INFO] [GradleStart]: Extra: []
[18:09:16] [main/INFO] [GradleStart]: No arguments specified, assuming client.
[18:09:16] [main/INFO] [GradleStart]: Extra: []
[18:09:16] [main/INFO] [GradleStart]: Running with arguments: [--userProperties, {}, --assetsDir, C:/Users/alana_000/.gradle/caches/minecraft/assets, --assetIndex, {ASSET_INDEX}, --accessToken, {REDACTED}, --version, 1.7.10, --tweakClass, cpw.mods.fml.common.launcher.FMLTweaker, --username, ForgeDevName]
[18:09:16] [main/INFO] [LaunchWrapper]: Loading tweak class name cpw.mods.fml.common.launcher.FMLTweaker
[18:09:16] [main/INFO] [LaunchWrapper]: Using primary tweak class name cpw.mods.fml.common.launcher.FMLTweaker
[18:09:16] [main/INFO] [LaunchWrapper]: Calling tweak class cpw.mods.fml.common.launcher.FMLTweaker
[18:22:56] [main/INFO] [GradleStart]: No arguments specified, assuming client.
[18:22:56] [main/INFO] [GradleStart]: Extra: []
[18:22:56] [main/INFO] [GradleStart]: Running with arguments: [--userProperties, {}, --assetsDir, C:/Users/alana_000/.gradle/caches/minecraft/assets, --assetIndex, {ASSET_INDEX}, --accessToken, {REDACTED}, --version, 1.7.10, --tweakClass, cpw.mods.fml.common.launcher.FMLTweaker, --username, ForgeDevName]
[18:22:56] [main/INFO] [LaunchWrapper]: Loading tweak class name cpw.mods.fml.common.launcher.FMLTweaker
[18:22:56] [main/INFO] [LaunchWrapper]: Using primary tweak class name cpw.mods.fml.common.launcher.FMLTweaker
[18:22:56] [main/INFO] [LaunchWrapper]: Calling tweak class cpw.mods.fml.common.launcher.FMLTweaker
[18:25:50] [main/INFO] [GradleStart]: No arguments specified, assuming client.
[18:25:50] [main/INFO] [GradleStart]: Extra: []
[18:25:50] [main/INFO] [GradleStart]: Running with arguments: [--userProperties, {}, --assetsDir, C:/Users/alana_000/.gradle/caches/minecraft/assets, --assetIndex, {ASSET_INDEX}, --accessToken, {REDACTED}, --version, 1.7.10, --tweakClass, cpw.mods.fml.common.launcher.FMLTweaker, --username, ForgeDevName]
[18:25:50] [main/INFO] [LaunchWrapper]: Loading tweak class name cpw.mods.fml.common.launcher.FMLTweaker
[18:25:51] [main/INFO] [LaunchWrapper]: Using primary tweak class name cpw.mods.fml.common.launcher.FMLTweaker
[18:25:51] [main/INFO] [LaunchWrapper]: Calling tweak class cpw.mods.fml.common.launcher.FMLTweaker
